"../../../Engine/Content/EditorBlueprintResources/StandardMacros.uasset" 0
"../../../../../../../Volumes/DragonGame/Game/Content/Data/Structs/ALS_ComponentAndTransform.uasset" 1
"../../../../../../../Volumes/DragonGame/Game/Content/Player/Blueprints/Libraries/ALS_MacroLibrary.uasset" 2
"../../../../../../../Volumes/DragonGame/Game/Content/Player/Blueprints/Interfaces/ALS_Camera_BPI.uasset" 3
"../../../../../../../Volumes/DragonGame/Game/Content/Data/Enums/ALS_Gait.uasset" 4
"../../../../../../../Volumes/DragonGame/Game/Content/Data/Enums/ALS_MovementAction.uasset" 5
"../../../../../../../Volumes/DragonGame/Game/Content/Data/Enums/ALS_MovementState.uasset" 6
"../../../../../../../Volumes/DragonGame/Game/Content/Data/Enums/ALS_OverlayState.uasset" 7
"../../../../../../../Volumes/DragonGame/Game/Content/Data/Enums/ALS_RotationMode.uasset" 8
"../../../../../../../Volumes/DragonGame/Game/Content/Data/Enums/ALS_Stance.uasset" 9
"../../../../../../../Volumes/DragonGame/Game/Content/Data/Enums/ALS_ViewMode.uasset" 10
"../../../../../../../Volumes/DragonGame/Game/Content/Player/Blueprints/Interfaces/ALS_Character_BPI.uasset" 11
"../../../../../../../Volumes/DragonGame/Game/Content/Player/Blueprints/Interfaces/ALS_Controller_BPI.uasset" 12
"../../../../../../../Volumes/DragonGame/Game/Content/Player/Blueprints/CharacterLogic/AI/ALS_BB_AICharacter.uasset" 13
"../../../../../../../Volumes/DragonGame/Game/Content/Player/Blueprints/CharacterLogic/AI/ALS_BTTask_GetRandomLocation.uasset" 14
"../../../../../../../Volumes/DragonGame/Game/Content/Player/Blueprints/CharacterLogic/AI/ALS_BTTask_SetFocus.uasset" 15
"../../../../../../../Volumes/DragonGame/Game/Content/Player/Blueprints/CharacterLogic/AI/ALS_BT_AICharacter.uasset" 16
"../../../../../../../Volumes/DragonGame/Game/Content/Player/Blueprints/CharacterLogic/AI/ALS_AI_Controller.uasset" 17
"../../../../../../../Volumes/DragonGame/Game/Content/Data/Enums/GroundedEntryState.uasset" 18
"../../../../../../../Volumes/DragonGame/Game/Content/Player/Blueprints/Interfaces/ALS_Animation_BPI.uasset" 19
"../../../../../../../Volumes/DragonGame/Game/Content/Data/Curves/CharacterMovementCurves/NormalMovement.uasset" 20
"../../../../../../../Volumes/DragonGame/Game/Content/Data/Curves/MantleCurves/Mantle_1m.uasset" 21
"../../../../../../../Volumes/DragonGame/Game/Content/Data/Curves/MantleCurves/Mantle_2m.uasset" 22
"../../../../../../../Volumes/DragonGame/Game/Content/Data/Curves/CharacterMovementCurves/NormalRotation.uasset" 23
"../../../../../../../Volumes/DragonGame/Game/Content/Data/Curves/CharacterMovementCurves/ResponsiveRotation.uasset" 24
"../../../../../../../Volumes/DragonGame/Game/Content/Data/Curves/CharacterMovementCurves/SluggishRotation.uasset" 25
"../../../../../../../Volumes/DragonGame/Game/Content/Data/Curves/CharacterMovementCurves/ResponsiveMovement.uasset" 26
"../../../../../../../Volumes/DragonGame/Game/Content/Data/Curves/CharacterMovementCurves/SluggishMovement.uasset" 27
"../../../../../../../Volumes/DragonGame/Game/Content/Data/Structs/MovementSettings.uasset" 28
"../../../../../../../Volumes/DragonGame/Game/Content/Data/Structs/MovementSettings_Stance.uasset" 29
"../../../../../../../Volumes/DragonGame/Game/Content/Data/Structs/MovementSettings_State.uasset" 30
"../../../../../../../Volumes/DragonGame/Game/Content/Data/DataTables/MovementModelTable.uasset" 31
"../../../../../../../Volumes/DragonGame/Game/Content/Data/Enums/MantleType.uasset" 32
"../../../../../../../Volumes/DragonGame/Game/Content/Data/Structs/Mantle_Asset.uasset" 33
"../../../../../../../Volumes/DragonGame/Game/Content/Data/Structs/Mantle_Params.uasset" 34
"../../../../../../../Volumes/DragonGame/Game/Content/Data/Structs/Mantle_TraceSettings.uasset" 35
"../../../../../../../Volumes/DragonGame/Game/Content/Player/HumanAssets/Materials/M_AnimMan_Default.uasset" 36
"../../../../../../../Volumes/DragonGame/Game/Content/Player/HumanAssets/Materials/M_AnimMan_Eyes.uasset" 37
"../../../Engine/Content/EngineMeshes/Humanoid.uasset" 38
"../../../../../../../Volumes/DragonGame/Game/Content/Player/HumanAssets/ALS_Mannequin_Skeleton.uasset" 39
"../../../../../../../Volumes/DragonGame/Game/Content/Player/HumanAssets/Meshes/Proxy.uasset" 40
"../../../../../../../Volumes/DragonGame/Game/Content/Player/Blueprints/CharacterLogic/ALS_Base_CharacterBP.uasset" 41
"../../../Engine/Content/Animation/DefaultAnimBoneCompressionSettings.uasset" 42
"../../../../../../../Volumes/DragonGame/Game/Content/Player/DragonAssets/Meshes/Irval_the_Wyvern_Skeleton.uasset" 43
"../../../../../../../Volumes/DragonGame/Game/Content/Player/DragonAssets/Animations/Common/WD_C_Fly_Forward.uasset" 44
"../../../../../../../Volumes/DragonGame/Game/Content/Player/DragonAssets/Animations/Common/WD_C_Fly_Backwards.uasset" 45
"../../../../../../../Volumes/DragonGame/Game/Content/Player/DragonAssets/Animations/Common/WD_C_Fly_Stand.uasset" 46
"../../../../../../../Volumes/DragonGame/Game/Content/Player/DragonAssets/Animations/Common/WD_C_Fly_Stand_Turn_Left.uasset" 47
"../../../../../../../Volumes/DragonGame/Game/Content/Player/DragonAssets/Animations/Common/WD_C_Fly_Stand_Turn_Right.uasset" 48
"../../../../../../../Volumes/DragonGame/Game/Content/Player/DragonAssets/Animations/Common/WD_C_Glide_Forward.uasset" 49
"../../../../../../../Volumes/DragonGame/Game/Content/Player/DragonAssets/Animations/Common/WD_C_Glide_Left.uasset" 50
"../../../../../../../Volumes/DragonGame/Game/Content/Player/DragonAssets/Animations/Common/WD_C_Glide_Right.uasset" 51
"../../../../../../../Volumes/DragonGame/Game/Content/Player/DragonAssets/Animations/BlendSpaces/BS_Irval_Fly_Horizontal.uasset" 52
"../../../../../../../Volumes/DragonGame/Game/Content/Player/DragonAssets/Animations/Common/WD_C_Glide_Wings_Closed_100.uasset" 53
"../../../../../../../Volumes/DragonGame/Game/Content/Player/DragonAssets/Animations/Common/WD_C_Glide_Wings_Closed_50.uasset" 54
"../../../../../../../Volumes/DragonGame/Game/Content/Player/DragonAssets/Animations/Common/WD_C_Glide_Wings_Closed_50_Left.uasset" 55
"../../../../../../../Volumes/DragonGame/Game/Content/Player/DragonAssets/Animations/Common/WD_C_Glide_Wings_Closed_50_Right.uasset" 56
"../../../../../../../Volumes/DragonGame/Game/Content/Player/DragonAssets/Animations/BlendSpaces/BS_Irval_Fly_Vert.uasset" 57
"../../../../../../../Volumes/DragonGame/Game/Content/Data/Enums/FlyingState.uasset" 58
"../../../../../../../Volumes/DragonGame/Game/Content/Data/Structs/FlyingParameters.uasset" 59
"../../../../../../../Volumes/DragonGame/Game/Content/Player/DragonAssets/ABP_Irval.uasset" 60
"../../../../../../../Volumes/DragonGame/Game/Content/Player/Blueprints/AnimNotifys/CameraShake_Notify.uasset" 61
"../../../../../../../Volumes/DragonGame/Game/Content/Player/Blueprints/AnimNotifys/GroundedEntryState_AnimNotify.uasset" 62
"../../../../../../../Volumes/DragonGame/Game/Content/Player/Blueprints/Misc/Sprint_CameraShake.uasset" 63
"../../../../../../../Volumes/DragonGame/Game/Content/Player/HumanAssets/AnimationExamples/Actions/ALS_N_LandRoll_F.uasset" 64
"../../../../../../../Volumes/DragonGame/Game/Content/Player/HumanAssets/AnimationExamples/Base/BasePoses/ALS_N_Pose.uasset" 65
"../../../../../../../Volumes/DragonGame/Game/Content/Player/HumanAssets/AnimationExamples/AimOffsets/ALS_N_Look_F_Sweep.uasset" 66
"../../../../../../../Volumes/DragonGame/Game/Content/Player/HumanAssets/AnimationExamples/Base/BasePoses/ALS_CLF_Pose.uasset" 67
"../../../../../../../Volumes/DragonGame/Game/Content/Player/HumanAssets/AnimationExamples/Base/InAir/ALS_Flail.uasset" 68
"../../../../../../../Volumes/DragonGame/Game/Content/Player/HumanAssets/AnimationExamples/Base/InAir/ALS_N_FallLoop.uasset" 69
"../../../../../../../Volumes/DragonGame/Game/Content/Player/HumanAssets/AnimationExamples/Base/InAir/ALS_N_FallLoop_Fast.uasset" 70
"../../../../../../../Volumes/DragonGame/Game/Content/Player/HumanAssets/AnimationExamples/Base/InAir/ALS_N_JumpLoop.uasset" 71
"../../../../../../../Volumes/DragonGame/Game/Content/Audio/Footsteps/Concrete_Walk_05.uasset" 72
"../../../../../../../Volumes/DragonGame/Game/Content/Audio/Footsteps/Footstep_Cue.uasset" 73
"../../../../../../../Volumes/DragonGame/Game/Content/Data/Enums/FootstepType.uasset" 74
"../../../../../../../Volumes/DragonGame/Game/Content/Player/Blueprints/AnimNotifys/Footstep_AnimNotify.uasset" 75
"../../../../../../../Volumes/DragonGame/Game/Content/Player/HumanAssets/AnimationExamples/Base/InAir/ALS_N_JumpRun_LF.uasset" 76
"../../../../../../../Volumes/DragonGame/Game/Content/Player/HumanAssets/AnimationExamples/Base/InAir/ALS_N_JumpRun_RF.uasset" 77
"../../../../../../../Volumes/DragonGame/Game/Content/Player/HumanAssets/AnimationExamples/Base/InAir/ALS_N_JumpWalk_LF.uasset" 78
"../../../../../../../Volumes/DragonGame/Game/Content/Player/HumanAssets/AnimationExamples/Base/InAir/ALS_N_JumpWalk_RF.uasset" 79
"../../../../../../../Volumes/DragonGame/Game/Content/Player/HumanAssets/AnimationExamples/Base/InAir/ALS_N_Land_Heavy.uasset" 80
"../../../../../../../Volumes/DragonGame/Game/Content/Player/HumanAssets/AnimationExamples/Base/InAir/ALS_N_Land_Heavy_Additive.uasset" 81
"../../../../../../../Volumes/DragonGame/Game/Content/Player/HumanAssets/AnimationExamples/Base/InAir/ALS_N_Land_Light.uasset" 82
"../../../../../../../Volumes/DragonGame/Game/Content/Player/HumanAssets/AnimationExamples/Base/InAir/ALS_N_Land_Light_Additive.uasset" 83
"../../../../../../../Volumes/DragonGame/Game/Content/Player/HumanAssets/AnimationExamples/Base/Locomotion/ALS_CLF_Walk_B.uasset" 84
"../../../../../../../Volumes/DragonGame/Game/Content/Player/HumanAssets/AnimationExamples/Base/Locomotion/ALS_CLF_Walk_F.uasset" 85
"../../../../../../../Volumes/DragonGame/Game/Content/Player/HumanAssets/AnimationExamples/Base/Locomotion/ALS_CLF_Walk_L.uasset" 86
"../../../../../../../Volumes/DragonGame/Game/Content/Player/HumanAssets/AnimationExamples/Base/Locomotion/ALS_CLF_Walk_R.uasset" 87
"../../../../../../../Volumes/DragonGame/Game/Content/Player/HumanAssets/AnimationExamples/Base/Locomotion/ALS_CLF_WalkPose.uasset" 88
"../../../../../../../Volumes/DragonGame/Game/Content/Player/HumanAssets/AnimationExamples/Base/Locomotion/ALS_CRF_Walk_L.uasset" 89
"../../../../../../../Volumes/DragonGame/Game/Content/Player/HumanAssets/AnimationExamples/Base/Locomotion/ALS_CRF_Walk_R.uasset" 90
"../../../../../../../Volumes/DragonGame/Game/Content/Player/HumanAssets/AnimationExamples/Base/Locomotion/ALS_N_Sprint_F.uasset" 91
"../../../../../../../Volumes/DragonGame/Game/Content/Player/HumanAssets/AnimationExamples/Base/Locomotion/ALS_N_Sprint_F_Impulse.uasset" 92
"../../../../../../../Volumes/DragonGame/Game/Content/Player/HumanAssets/AnimationExamples/Base/Locomotion/ALS_N_Walk_B.uasset" 93
"../../../../../../../Volumes/DragonGame/Game/Content/Player/HumanAssets/AnimationExamples/Base/Locomotion/ALS_N_Walk_F.uasset" 94
"../../../../../../../Volumes/DragonGame/Game/Content/Player/HumanAssets/AnimationExamples/Base/Locomotion/ALS_N_Walk_LB.uasset" 95
"../../../../../../../Volumes/DragonGame/Game/Content/Player/HumanAssets/AnimationExamples/Base/Locomotion/ALS_N_Walk_LF.uasset" 96
"../../../../../../../Volumes/DragonGame/Game/Content/Player/HumanAssets/AnimationExamples/Base/Locomotion/ALS_N_Walk_RB.uasset" 97
"../../../../../../../Volumes/DragonGame/Game/Content/Player/HumanAssets/AnimationExamples/Base/Locomotion/ALS_N_Walk_RF.uasset" 98
"../../../../../../../Volumes/DragonGame/Game/Content/Player/HumanAssets/AnimationExamples/Base/Locomotion/Detail/ALS_N_Run_BasePose.uasset" 99
"../../../../../../../Volumes/DragonGame/Game/Content/Player/HumanAssets/AnimationExamples/Base/Locomotion/Detail/ALS_N_LocoDetail_Accel_B.uasset" 100
"../../../../../../../Volumes/DragonGame/Game/Content/Player/HumanAssets/AnimationExamples/Base/Locomotion/Detail/ALS_N_LocoDetail_Accel_F.uasset" 101
"../../../../../../../Volumes/DragonGame/Game/Content/Player/HumanAssets/AnimationExamples/Base/Locomotion/Detail/ALS_N_LocoDetail_Accel_L.uasset" 102
"../../../../../../../Volumes/DragonGame/Game/Content/Player/HumanAssets/AnimationExamples/Base/Locomotion/Detail/ALS_N_LocoDetail_Accel_R.uasset" 103
"../../../../../../../Volumes/DragonGame/Game/Content/Player/HumanAssets/AnimationExamples/Base/Transitions/ALS_CLF_to_N.uasset" 104
"../../../../../../../Volumes/DragonGame/Game/Content/Player/HumanAssets/AnimationExamples/Base/Transitions/ALS_N_Stop_L_Down.uasset" 105
"../../../../../../../Volumes/DragonGame/Game/Content/Player/HumanAssets/AnimationExamples/Base/Transitions/ALS_N_Stop_R_Down.uasset" 106
"../../../../../../../Volumes/DragonGame/Game/Content/Player/HumanAssets/AnimationExamples/Base/Transitions/ALS_N_to_CLF.uasset" 107
"../../../../../../../Volumes/DragonGame/Game/Content/Player/HumanAssets/AnimationExamples/Base/Transitions/ALS_N_Transition_L.uasset" 108
"../../../../../../../Volumes/DragonGame/Game/Content/Player/HumanAssets/AnimationExamples/Base/Transitions/ALS_N_Transition_R.uasset" 109
"../../../../../../../Volumes/DragonGame/Game/Content/Player/Blueprints/AnimModifiers/Calculate_RotationAmount.uasset" 110
"../../../../../../../Volumes/DragonGame/Game/Content/Player/HumanAssets/AnimationExamples/Base/TurnInPlace/ALS_CLF_Rotate_L90.uasset" 111
"../../../../../../../Volumes/DragonGame/Game/Content/Player/HumanAssets/AnimationExamples/Base/TurnInPlace/ALS_CLF_Rotate_R90.uasset" 112
"../../../../../../../Volumes/DragonGame/Game/Content/Player/HumanAssets/AnimationExamples/Base/TurnInPlace/ALS_CLF_TurnIP_L180.uasset" 113
"../../../../../../../Volumes/DragonGame/Game/Content/Player/HumanAssets/AnimationExamples/Base/TurnInPlace/ALS_CLF_TurnIP_L90.uasset" 114
"../../../../../../../Volumes/DragonGame/Game/Content/Player/HumanAssets/AnimationExamples/Base/TurnInPlace/ALS_CLF_TurnIP_R180.uasset" 115
"../../../../../../../Volumes/DragonGame/Game/Content/Player/HumanAssets/AnimationExamples/Base/TurnInPlace/ALS_CLF_TurnIP_R90.uasset" 116
"../../../../../../../Volumes/DragonGame/Game/Content/Player/HumanAssets/AnimationExamples/Base/TurnInPlace/ALS_N_Rotate_L90.uasset" 117
"../../../../../../../Volumes/DragonGame/Game/Content/Player/HumanAssets/AnimationExamples/Base/TurnInPlace/ALS_N_Rotate_R90.uasset" 118
"../../../../../../../Volumes/DragonGame/Game/Content/Player/HumanAssets/AnimationExamples/Base/TurnInPlace/ALS_N_TurnIP_L180.uasset" 119
"../../../../../../../Volumes/DragonGame/Game/Content/Player/HumanAssets/AnimationExamples/Base/TurnInPlace/ALS_N_TurnIP_L90.uasset" 120
"../../../../../../../Volumes/DragonGame/Game/Content/Player/HumanAssets/AnimationExamples/Base/TurnInPlace/ALS_N_TurnIP_R180.uasset" 121
"../../../../../../../Volumes/DragonGame/Game/Content/Player/HumanAssets/AnimationExamples/Base/TurnInPlace/ALS_N_TurnIP_R90.uasset" 122
"../../../../../../../Volumes/DragonGame/Game/Content/Player/Blueprints/AnimModifiers/Create_LayeringCurves.uasset" 123
"../../../../../../../Volumes/DragonGame/Game/Content/Player/HumanAssets/AnimationExamples/Overlay/Barrel/ALS_Props_Barrel_Poses.uasset" 124
"../../../../../../../Volumes/DragonGame/Game/Content/Player/HumanAssets/AnimationExamples/Overlay/Binoculars/ALS_Props_Binoculars_Poses_NoCurves.uasset" 125
"../../../../../../../Volumes/DragonGame/Game/Content/Player/HumanAssets/AnimationExamples/Overlay/Binoculars/ALS_Props_Binoculars_Aim_Sweep.uasset" 126
"../../../../../../../Volumes/DragonGame/Game/Content/Player/HumanAssets/AnimationExamples/Overlay/Binoculars/ALS_Props_Binoculars_Aim_Sweep_Crouched.uasset" 127
"../../../../../../../Volumes/DragonGame/Game/Content/Player/HumanAssets/AnimationExamples/Overlay/Binoculars/ALS_Props_Binoculars_Poses.uasset" 128
"../../../../../../../Volumes/DragonGame/Game/Content/Player/HumanAssets/AnimationExamples/Overlay/Bow/ALS_Props_Bow_Poses_NoCurves.uasset" 129
"../../../../../../../Volumes/DragonGame/Game/Content/Player/HumanAssets/AnimationExamples/Overlay/Bow/ALS_Props_Bow_Aim_Sweep.uasset" 130
"../../../../../../../Volumes/DragonGame/Game/Content/Player/HumanAssets/AnimationExamples/Overlay/Bow/ALS_Props_Bow_Aim_Sweep_Crouched.uasset" 131
"../../../../../../../Volumes/DragonGame/Game/Content/Player/HumanAssets/AnimationExamples/Overlay/Bow/ALS_Props_Bow_Poses.uasset" 132
"../../../../../../../Volumes/DragonGame/Game/Content/Player/HumanAssets/AnimationExamples/Overlay/Box/ALS_Props_Box_Poses.uasset" 133
"../../../../../../../Volumes/DragonGame/Game/Content/Player/HumanAssets/AnimationExamples/Overlay/M4A1/ALS_Props_M4A1_Poses_NoCurves.uasset" 134
"../../../../../../../Volumes/DragonGame/Game/Content/Player/HumanAssets/AnimationExamples/Overlay/M4A1/ALS_Props_M4A1_Aim_Sweep.uasset" 135
"../../../../../../../Volumes/DragonGame/Game/Content/Player/HumanAssets/AnimationExamples/Overlay/M4A1/ALS_Props_M4A1_Aim_Sweep_Crouched.uasset" 136
"../../../../../../../Volumes/DragonGame/Game/Content/Player/HumanAssets/AnimationExamples/Overlay/M4A1/ALS_Props_M4A1_Poses.uasset" 137
"../../../../../../../Volumes/DragonGame/Game/Content/Player/HumanAssets/AnimationExamples/Overlay/M4A1/ALS_Props_M4A1_Run_F_Arms.uasset" 138
"../../../../../../../Volumes/DragonGame/Game/Content/Player/Blueprints/AnimModifiers/Copy_Curves.uasset" 139
"../../../../../../../Volumes/DragonGame/Game/Content/Player/HumanAssets/AnimationExamples/Overlay/M4A1/ALS_Props_M4A1_Sprint_F_Arms.uasset" 140
"../../../../../../../Volumes/DragonGame/Game/Content/Player/HumanAssets/AnimationExamples/Overlay/M4A1/ALS_Props_M4A1_Sprint_F_Impulse_Arms.uasset" 141
"../../../../../../../Volumes/DragonGame/Game/Content/Player/HumanAssets/AnimationExamples/Overlay/Pistol/ALS_Props_Pistol_1H_Poses_NoCurves.uasset" 142
"../../../../../../../Volumes/DragonGame/Game/Content/Player/HumanAssets/AnimationExamples/Overlay/Pistol/ALS_Props_Pistol_1H_Aim_Sweep.uasset" 143
"../../../../../../../Volumes/DragonGame/Game/Content/Player/HumanAssets/AnimationExamples/Overlay/Pistol/ALS_Props_Pistol_1H_Aim_Sweep_Crouched.uasset" 144
"../../../../../../../Volumes/DragonGame/Game/Content/Player/HumanAssets/AnimationExamples/Overlay/Pistol/ALS_Props_Pistol_1H_Poses.uasset" 145
"../../../../../../../Volumes/DragonGame/Game/Content/Player/HumanAssets/AnimationExamples/Overlay/Pistol/ALS_Props_Pistol_2H_Poses_NoCurves.uasset" 146
"../../../../../../../Volumes/DragonGame/Game/Content/Player/HumanAssets/AnimationExamples/Overlay/Pistol/ALS_Props_Pistol_2H_Aim_Sweep.uasset" 147
"../../../../../../../Volumes/DragonGame/Game/Content/Player/HumanAssets/AnimationExamples/Overlay/Pistol/ALS_Props_Pistol_2H_Aim_Sweep_Crouched.uasset" 148
"../../../../../../../Volumes/DragonGame/Game/Content/Player/HumanAssets/AnimationExamples/Overlay/Pistol/ALS_Props_Pistol_2H_Poses.uasset" 149
"../../../../../../../Volumes/DragonGame/Game/Content/Player/HumanAssets/AnimationExamples/Overlay/Shared/ALS_N_SecondaryMotion.uasset" 150
"../../../../../../../Volumes/DragonGame/Game/Content/Player/HumanAssets/AnimationExamples/Overlay/StanceVariations/ALS_StanceVariation_Feminine.uasset" 151
"../../../../../../../Volumes/DragonGame/Game/Content/Player/HumanAssets/AnimationExamples/Overlay/StanceVariations/ALS_StanceVariation_HandsTied.uasset" 152
"../../../../../../../Volumes/DragonGame/Game/Content/Player/HumanAssets/AnimationExamples/Overlay/StanceVariations/ALS_StanceVariation_Injured.uasset" 153
"../../../../../../../Volumes/DragonGame/Game/Content/Player/HumanAssets/AnimationExamples/Overlay/StanceVariations/ALS_StanceVariation_Masculine.uasset" 154
"../../../../../../../Volumes/DragonGame/Game/Content/Player/HumanAssets/AnimationExamples/Overlay/StanceVariations/ALS_StanceVariation_Normal.uasset" 155
"../../../../../../../Volumes/DragonGame/Game/Content/Player/HumanAssets/AnimationExamples/Overlay/Torch/ALS_Props_Torch_Poses_NoCurves.uasset" 156
"../../../../../../../Volumes/DragonGame/Game/Content/Player/HumanAssets/AnimationExamples/Overlay/Torch/ALS_Props_Torch_Aim_Sweep.uasset" 157
"../../../../../../../Volumes/DragonGame/Game/Content/Player/HumanAssets/AnimationExamples/Overlay/Torch/ALS_Props_Torch_Aim_Sweep_Crouched.uasset" 158
"../../../../../../../Volumes/DragonGame/Game/Content/Player/HumanAssets/AnimationExamples/Overlay/Torch/ALS_Props_Torch_Poses.uasset" 159
"../../../../../../../Volumes/DragonGame/Game/Content/Player/HumanAssets/AnimationExamples/Base/InAir/Detail/ALS_N_Falling_LeanPose_0.uasset" 160
"../../../../../../../Volumes/DragonGame/Game/Content/Player/HumanAssets/AnimationExamples/Base/InAir/Detail/ALS_N_Falling_LeanPose_B.uasset" 161
"../../../../../../../Volumes/DragonGame/Game/Content/Player/HumanAssets/AnimationExamples/Base/InAir/Detail/ALS_N_Falling_LeanPose_F.uasset" 162
"../../../../../../../Volumes/DragonGame/Game/Content/Player/HumanAssets/AnimationExamples/Base/InAir/Detail/ALS_N_Falling_LeanPose_L.uasset" 163
"../../../../../../../Volumes/DragonGame/Game/Content/Player/HumanAssets/AnimationExamples/Base/InAir/Detail/ALS_N_Falling_LeanPose_R.uasset" 164
"../../../../../../../Volumes/DragonGame/Game/Content/Player/HumanAssets/AnimationExamples/Base/InAir/Detail/ALS_N_Lean_Falling.uasset" 165
"../../../../../../../Volumes/DragonGame/Game/Content/Player/HumanAssets/AnimationExamples/Base/Locomotion/ALS_N_Run_B.uasset" 166
"../../../../../../../Volumes/DragonGame/Game/Content/Player/Blueprints/AnimModifiers/AnimCurveCreationData.uasset" 167
"../../../../../../../Volumes/DragonGame/Game/Content/Player/Blueprints/AnimModifiers/AnimCurveCreationParams.uasset" 168
"../../../../../../../Volumes/DragonGame/Game/Content/Player/Blueprints/AnimModifiers/Create_Curves.uasset" 169
"../../../../../../../Volumes/DragonGame/Game/Content/Player/HumanAssets/AnimationExamples/Base/Locomotion/ALS_N_RunPose_F.uasset" 170
"../../../../../../../Volumes/DragonGame/Game/Content/Player/HumanAssets/AnimationExamples/Base/Locomotion/ALS_N_WalkPose_F.uasset" 171
"../../../../../../../Volumes/DragonGame/Game/Content/Player/HumanAssets/AnimationExamples/Base/Locomotion/ALS_N_WalkRun_B.uasset" 172
"../../../../../../../Volumes/DragonGame/Game/Content/Player/HumanAssets/AnimationExamples/Base/Locomotion/ALS_N_Run_LB.uasset" 173
"../../../../../../../Volumes/DragonGame/Game/Content/Player/HumanAssets/AnimationExamples/Base/Locomotion/ALS_N_RunPose_R.uasset" 174
"../../../../../../../Volumes/DragonGame/Game/Content/Player/HumanAssets/AnimationExamples/Base/Locomotion/ALS_N_WalkPose_R.uasset" 175
"../../../../../../../Volumes/DragonGame/Game/Content/Player/HumanAssets/AnimationExamples/Base/Locomotion/ALS_N_WalkRun_BL.uasset" 176
"../../../../../../../Volumes/DragonGame/Game/Content/Player/HumanAssets/AnimationExamples/Base/Locomotion/ALS_N_Run_RB.uasset" 177
"../../../../../../../Volumes/DragonGame/Game/Content/Player/HumanAssets/AnimationExamples/Base/Locomotion/ALS_N_RunPose_L.uasset" 178
"../../../../../../../Volumes/DragonGame/Game/Content/Player/HumanAssets/AnimationExamples/Base/Locomotion/ALS_N_WalkPose_L.uasset" 179
"../../../../../../../Volumes/DragonGame/Game/Content/Player/HumanAssets/AnimationExamples/Base/Locomotion/ALS_N_WalkRun_BR.uasset" 180
"../../../../../../../Volumes/DragonGame/Game/Content/Player/HumanAssets/AnimationExamples/Base/Locomotion/ALS_N_Run_F.uasset" 181
"../../../../../../../Volumes/DragonGame/Game/Content/Player/HumanAssets/AnimationExamples/Base/Locomotion/ALS_N_WalkRun_F.uasset" 182
"../../../../../../../Volumes/DragonGame/Game/Content/Player/HumanAssets/AnimationExamples/Base/Locomotion/ALS_N_Run_LF.uasset" 183
"../../../../../../../Volumes/DragonGame/Game/Content/Player/HumanAssets/AnimationExamples/Base/Locomotion/ALS_N_WalkRun_FL.uasset" 184
"../../../../../../../Volumes/DragonGame/Game/Content/Player/HumanAssets/AnimationExamples/Base/Locomotion/ALS_N_Run_RF.uasset" 185
"../../../../../../../Volumes/DragonGame/Game/Content/Player/HumanAssets/AnimationExamples/Base/Locomotion/ALS_N_WalkRun_FR.uasset" 186
"../../../../../../../Volumes/DragonGame/Game/Content/Player/HumanAssets/AnimationExamples/Base/Locomotion/Detail/ALS_N_LeanPose_0.uasset" 187
"../../../../../../../Volumes/DragonGame/Game/Content/Player/HumanAssets/AnimationExamples/Base/Locomotion/Detail/ALS_N_LeanPose_B.uasset" 188
"../../../../../../../Volumes/DragonGame/Game/Content/Player/HumanAssets/AnimationExamples/Base/Locomotion/Detail/ALS_N_LeanPose_F.uasset" 189
"../../../../../../../Volumes/DragonGame/Game/Content/Player/HumanAssets/AnimationExamples/Base/Locomotion/Detail/ALS_N_LeanPose_L.uasset" 190
"../../../../../../../Volumes/DragonGame/Game/Content/Player/HumanAssets/AnimationExamples/Base/Locomotion/Detail/ALS_N_LeanPose_R.uasset" 191
"../../../../../../../Volumes/DragonGame/Game/Content/Player/HumanAssets/AnimationExamples/Base/Locomotion/Detail/ALS_N_Lean.uasset" 192
"../../../../../../../Volumes/DragonGame/Game/Content/Player/HumanAssets/AnimationExamples/AimOffsets/ALS_N_Look_D_Sweep.uasset" 193
"../../../../../../../Volumes/DragonGame/Game/Content/Player/HumanAssets/AnimationExamples/AimOffsets/ALS_N_Look_U_Sweep.uasset" 194
"../../../../../../../Volumes/DragonGame/Game/Content/Player/HumanAssets/AnimationExamples/AimOffsets/ALS_N_Look.uasset" 195
"../../../../../../../Volumes/DragonGame/Game/Content/Data/Curves/AnimationBlendCurves/AimingInCurve.uasset" 196
"../../../../../../../Volumes/DragonGame/Game/Content/Data/Curves/AnimationBlendCurves/AimingOutCurve.uasset" 197
"../../../../../../../Volumes/DragonGame/Game/Content/Data/Curves/AnimationBlendCurves/AO_SwitchSidesIn.uasset" 198
"../../../../../../../Volumes/DragonGame/Game/Content/Data/Curves/AnimationBlendCurves/AO_SwitchSidesOut.uasset" 199
"../../../../../../../Volumes/DragonGame/Game/Content/Data/Curves/AnimationBlendCurves/ChangeDirection.uasset" 200
"../../../../../../../Volumes/DragonGame/Game/Content/Data/Curves/AnimationBlendCurves/ChangeStance.uasset" 201
"../../../../../../../Volumes/DragonGame/Game/Content/Data/Curves/AnimationBlendCurves/DiagonalScaleAmount.uasset" 202
"../../../../../../../Volumes/DragonGame/Game/Content/Data/Curves/AnimationBlendCurves/LandPredictionBlend.uasset" 203
"../../../../../../../Volumes/DragonGame/Game/Content/Data/Curves/AnimationBlendCurves/LeanInAirAmount.uasset" 204
"../../../../../../../Volumes/DragonGame/Game/Content/Data/Curves/AnimationBlendCurves/LookIn.uasset" 205
"../../../../../../../Volumes/DragonGame/Game/Content/Data/Curves/AnimationBlendCurves/LookOut.uasset" 206
"../../../../../../../Volumes/DragonGame/Game/Content/Data/Curves/AnimationBlendCurves/StrideBlend_N_Run.uasset" 207
"../../../../../../../Volumes/DragonGame/Game/Content/Data/Curves/AnimationBlendCurves/StrideBlend_N_Walk.uasset" 208
"../../../../../../../Volumes/DragonGame/Game/Content/Data/Curves/AnimationBlendCurves/YawOffset_FB.uasset" 209
"../../../../../../../Volumes/DragonGame/Game/Content/Data/Curves/AnimationBlendCurves/YawOffset_LR.uasset" 210
"../../../../../../../Volumes/DragonGame/Game/Content/Data/Enums/HipsDirection.uasset" 211
"../../../../../../../Volumes/DragonGame/Game/Content/Data/Enums/MovementDirection.uasset" 212
"../../../../../../../Volumes/DragonGame/Game/Content/Data/Structs/DynamicMontageParams.uasset" 213
"../../../../../../../Volumes/DragonGame/Game/Content/Data/Structs/LeanAmount.uasset" 214
"../../../../../../../Volumes/DragonGame/Game/Content/Data/Structs/RotateInPlace_Asset.uasset" 215
"../../../../../../../Volumes/DragonGame/Game/Content/Data/Structs/TurnInPlace_Asset.uasset" 216
"../../../../../../../Volumes/DragonGame/Game/Content/Data/Structs/VelocityBlend.uasset" 217
"../../../../../../../Volumes/DragonGame/Game/Content/Player/HumanAssets/ALS_AnimBP.uasset" 218
"../../../../../../../Volumes/DragonGame/Game/Content/Props/Meshes/Bow_Skeleton.uasset" 219
"../../../../../../../Volumes/DragonGame/Game/Content/Props/Meshes/Bow_Draw.uasset" 220
"../../../../../../../Volumes/DragonGame/Game/Content/Props/Meshes/Bow_AnimBP.uasset" 221
"../../../../../../../Volumes/DragonGame/Game/Content/Player/HumanAssets/AnimationExamples/Actions/ALS_CLF_GetUp_Back.uasset" 222
"../../../../../../../Volumes/DragonGame/Game/Content/Player/Blueprints/AnimNotifys/MovementAction_NotifyState.uasset" 223
"../../../../../../../Volumes/DragonGame/Game/Content/Player/Blueprints/AnimNotifys/OverlayOverride_NotifyState.uasset" 224
"../../../../../../../Volumes/DragonGame/Game/Content/Player/HumanAssets/AnimationExamples/Actions/ALS_CLF_GetUp_Back_Montage_2H.uasset" 225
"../../../../../../../Volumes/DragonGame/Game/Content/Player/HumanAssets/AnimationExamples/Actions/ALS_CLF_GetUp_Back_Montage_Default.uasset" 226
"../../../../../../../Volumes/DragonGame/Game/Content/Player/HumanAssets/AnimationExamples/Actions/ALS_CLF_GetUp_Back_Montage_LH.uasset" 227
"../../../../../../../Volumes/DragonGame/Game/Content/Player/HumanAssets/AnimationExamples/Actions/ALS_CLF_GetUp_Back_Montage_RH.uasset" 228
"../../../../../../../Volumes/DragonGame/Game/Content/Player/HumanAssets/AnimationExamples/Actions/ALS_CLF_GetUp_Front.uasset" 229
"../../../../../../../Volumes/DragonGame/Game/Content/Player/HumanAssets/AnimationExamples/Actions/ALS_CLF_GetUp_Front_Montage_2H.uasset" 230
"../../../../../../../Volumes/DragonGame/Game/Content/Player/HumanAssets/AnimationExamples/Actions/ALS_CLF_GetUp_Front_Montage_Default.uasset" 231
"../../../../../../../Volumes/DragonGame/Game/Content/Player/HumanAssets/AnimationExamples/Actions/ALS_CLF_GetUp_Front_Montage_LH.uasset" 232
"../../../../../../../Volumes/DragonGame/Game/Content/Player/HumanAssets/AnimationExamples/Actions/ALS_CLF_GetUp_Front_Montage_RH.uasset" 233
"../../../../../../../Volumes/DragonGame/Game/Content/Player/HumanAssets/AnimationExamples/Actions/ALS_N_LandRoll_F_Montage_2H.uasset" 234
"../../../../../../../Volumes/DragonGame/Game/Content/Player/HumanAssets/AnimationExamples/Actions/ALS_N_LandRoll_F_Montage_Default.uasset" 235
"../../../../../../../Volumes/DragonGame/Game/Content/Player/HumanAssets/AnimationExamples/Actions/ALS_N_LandRoll_F_Montage_LH.uasset" 236
"../../../../../../../Volumes/DragonGame/Game/Content/Player/HumanAssets/AnimationExamples/Actions/ALS_N_LandRoll_F_Montage_RH.uasset" 237
"../../../../../../../Volumes/DragonGame/Game/Content/Player/HumanAssets/AnimationExamples/Actions/ALS_N_Mantle_1m_RH.uasset" 238
"../../../../../../../Volumes/DragonGame/Game/Content/Player/Blueprints/AnimNotifys/EarlyBlendOut_NotifyState.uasset" 239
"../../../../../../../Volumes/DragonGame/Game/Content/Player/HumanAssets/AnimationExamples/Actions/ALS_N_Mantle_1m_Montage_2H.uasset" 240
"../../../../../../../Volumes/DragonGame/Game/Content/Player/HumanAssets/AnimationExamples/Actions/ALS_N_Mantle_1m_Montage_Box.uasset" 241
"../../../../../../../Volumes/DragonGame/Game/Content/Player/HumanAssets/AnimationExamples/Actions/ALS_N_Mantle_1m_Montage_Default.uasset" 242
"../../../../../../../Volumes/DragonGame/Game/Content/Player/HumanAssets/AnimationExamples/Actions/ALS_N_Mantle_1m_LH.uasset" 243
"../../../../../../../Volumes/DragonGame/Game/Content/Player/HumanAssets/AnimationExamples/Actions/ALS_N_Mantle_1m_Montage_LH.uasset" 244
"../../../../../../../Volumes/DragonGame/Game/Content/Player/HumanAssets/AnimationExamples/Actions/ALS_N_Mantle_1m_Montage_RH.uasset" 245
"../../../../../../../Volumes/DragonGame/Game/Content/Player/HumanAssets/AnimationExamples/Actions/ALS_N_Mantle_2m.uasset" 246
"../../../../../../../Volumes/DragonGame/Game/Content/Player/HumanAssets/AnimationExamples/Actions/ALS_N_Mantle_2m_Montage_Default.uasset" 247
"../../../../../../../Volumes/DragonGame/Game/Content/Projectiles/Projectile_Grapple.uasset" 248
"../../../../../../../Volumes/DragonGame/Game/Content/Player/DragonAssets/Materials/Eyes/Magic.uasset" 249
"../../../../../../../Volumes/DragonGame/Game/Content/Player/DragonAssets/Materials/Eyes/MI_Glow_Blue.uasset" 250
"../../../Engine/Content/Functions/Engine_MaterialFunctions02/HueShift.uasset" 251
"../../../../../../../Volumes/DragonGame/Game/Content/Player/DragonAssets/Textures/PolyArt/T_WD_PA_Black.uasset" 252
"../../../../../../../Volumes/DragonGame/Game/Content/Player/DragonAssets/Textures/PolyArt/T_WD_PA_Black_SM.uasset" 253
"../../../../../../../Volumes/DragonGame/Game/Content/Player/DragonAssets/Materials/PolyArt/Mat_WD_PA.uasset" 254
"../../../../../../../Volumes/DragonGame/Game/Content/Player/DragonAssets/Textures/PolyArt/T_WD_PA_Brown.uasset" 255
"../../../../../../../Volumes/DragonGame/Game/Content/Player/DragonAssets/Textures/PolyArt/T_WD_PA_Brown_SM.uasset" 256
"../../../../../../../Volumes/DragonGame/Game/Content/Player/DragonAssets/Materials/PolyArt/MI_WD_Brown.uasset" 257
"../../../../../../../Volumes/DragonGame/Game/Content/Player/DragonAssets/Textures/PolyArt/T_WD_PA_Red.uasset" 258
"../../../../../../../Volumes/DragonGame/Game/Content/Player/DragonAssets/Textures/PolyArt/T_WD_PA_Red_SM.uasset" 259
"../../../../../../../Volumes/DragonGame/Game/Content/Player/DragonAssets/Materials/PolyArt/MI_WD_Red.uasset" 260
"../../Plugins/FX/Niagara/Content/DefaultAssets/DefaultRIbbonMaterial.uasset" 261
"../../Plugins/FX/Niagara/Content/Functions/Localspace/SimulationPosition.uasset" 262
"../../Plugins/FX/Niagara/Content/Functions/Emitter/EmitterChangeState.uasset" 263
"../../Plugins/FX/Niagara/Content/Enums/ENiagara_EmitterStateOptions.uasset" 264
"../../Plugins/FX/Niagara/Content/Enums/ENiagara_InfiniteLoopDuration.uasset" 265
"../../Plugins/FX/Niagara/Content/Enums/ENiagaraEmitterLifeCycleMode.uasset" 266
"../../Plugins/FX/Niagara/Content/Enums/ENiagaraEmitterScalabilityMode_Limited.uasset" 267
"../../Plugins/FX/Niagara/Content/Enums/ENiagaraExecutionStateManagement.uasset" 268
"../../Plugins/FX/Niagara/Content/Enums/ENiagaraInactiveMode.uasset" 269
"../../Plugins/FX/Niagara/Content/Modules/Emitter/EmitterState.uasset" 270
"../../Plugins/FX/Niagara/Content/DefaultAssets/Structs/LocationEvent.uasset" 271
"../../Plugins/FX/Niagara/Content/Modules/Events/ReceiveLocationEvent.uasset" 272
"../../Plugins/FX/Niagara/Content/Functions/DirectionAndLengthSafe.uasset" 273
"../../Plugins/FX/Niagara/Content/Modules/Solvers/SolveForcesAndVelocity.uasset" 274
"../../Plugins/FX/Niagara/Content/Enums/ENiagaraRandomnessMode.uasset" 275
"../../Plugins/FX/Niagara/Content/Functions/GetRandomInfo.uasset" 276
"../../Plugins/FX/Niagara/Content/Functions/RandomRangeFloat.uasset" 277
"../../Plugins/FX/Niagara/Content/Modules/Spawn/Initialization/InitializeRibbon.uasset" 278
"../../Plugins/FX/Niagara/Content/Modules/Update/Lifetime/ParticleState.uasset" 279
"../../../../../../../Volumes/DragonGame/Game/Content/Particles/AirTrail/Emitter_Ribbon.uasset" 280
"../../Plugins/FX/Niagara/Content/Modules/Emitter/SpawnRate.uasset" 281
"../../Plugins/FX/Niagara/Content/Functions/System/SystemChangeState.uasset" 282
"../../Plugins/FX/Niagara/Content/Enums/ENiagaraSystemInactiveMode.uasset" 283
"../../Plugins/FX/Niagara/Content/Modules/System/SystemState.uasset" 284
"../../../../../../../Volumes/DragonGame/Game/Content/Particles/AirTrail/System_AirTrail.uasset" 285
"../../../Engine/Content/Functions/Engine_MaterialFunctions01/Density/ExponentialDensity.uasset" 286
"../../../Engine/Content/Functions/Engine_MaterialFunctions01/Gradient/RadialGradientExponential.uasset" 287
"../../../../../../../Volumes/DragonGame/Game/Content/Particles/FXVarietyPack/Materials/M_ky_primitive_dyn2.uasset" 288
"../../../../../../../Volumes/DragonGame/Game/Content/Particles/FXVarietyPack/Materials/MI_ky_primitive_dynB_nonD.uasset" 289
"../../../../../../../Volumes/DragonGame/Game/Content/Player/DragonAssets/Materials/Eyes/MI_Glow_Yellow.uasset" 290
"../../Plugins/FX/Niagara/Content/DynamicInputs/TypeConversions/Vector2DFromFloat.uasset" 291
"../../Plugins/FX/Niagara/Content/DynamicInputs/ValueFromCurve/FloatFromCurve.uasset" 292
"../../Plugins/FX/Niagara/Content/Enums/ENiagaraCoordinateSpace.uasset" 293
"../../Plugins/FX/Niagara/Content/Functions/Localspace/TransformBase.uasset" 294
"../../Plugins/FX/Niagara/Content/Functions/Localspace/TransformPosition.uasset" 295
"../../Plugins/FX/Niagara/Content/Functions/Rotation/MatrixToQuaternion.uasset" 296
"../../Plugins/FX/Niagara/Content/Functions/Rotation/MakeQuaternionFrom3BasisVectors.uasset" 297
"../../Plugins/FX/Niagara/Content/Functions/Rotation/MultiplyQuaternion.uasset" 298
"../../Plugins/FX/Niagara/Content/Enums/ENiagaraBoneSamplingMode.uasset" 299
"../../Plugins/FX/Niagara/Content/Enums/ENiagaraBoneSocketSamplingMode.uasset" 300
"../../Plugins/FX/Niagara/Content/Enums/ENiagaraSkelSamplingModeFull.uasset" 301
"../../Plugins/FX/Niagara/Content/Enums/ENiagaraSocketSamplingMode.uasset" 302
"../../Plugins/FX/Niagara/Content/Enums/ENiagaraTriangleSamplingMode.uasset" 303
"../../Plugins/FX/Niagara/Content/Enums/ENiagaraVertexSamplingMode.uasset" 304
"../../Plugins/FX/Niagara/Content/Modules/Spawn/Location/V2/SkeletalMeshLocation.uasset" 305
"../../Plugins/FX/Niagara/Content/Functions/FindAngleBetweenVectors.uasset" 306
"../../Plugins/FX/Niagara/Content/Functions/Masks/ConeMask.uasset" 307
"../../Plugins/FX/Niagara/Content/Enums/ENiagaraCurlNoiseQuality.uasset" 308
"../../Plugins/FX/Niagara/Content/VectorFields/Assets/TilingCurl16.uasset" 309
"../../Plugins/FX/Niagara/Content/VectorFields/Assets/TilingCurl32.uasset" 310
"../../Plugins/FX/Niagara/Content/VectorFields/Assets/TilingCurl64.uasset" 311
"../../Plugins/FX/Niagara/Content/Modules/Update/Forces/CurlNoiseForce.uasset" 312
"../../Plugins/FX/Niagara/Content/Functions/Localspace/TransformVector.uasset" 313
"../../Plugins/FX/Niagara/Content/Modules/Update/Forces/GravityForce.uasset" 314
"../../Plugins/FX/Niagara/Content/Modules/Update/Size/ScaleSpriteSize.uasset" 315
"../../../../../../../Volumes/DragonGame/Game/Content/Player/DragonAssets/Meshes/Irval_the_Wyvern_PhysicsAsset.uasset" 316
"../../../../../../../Volumes/DragonGame/Game/Content/Player/DragonAssets/Meshes/SK_Irval_the_Wyvern_PA.uasset" 317
"../../../../../../../Volumes/DragonGame/Game/Content/Particles/Emitter_Static_Mesh_Source.uasset" 318
"../../Plugins/FX/Niagara/Content/Modules/Update/Color/Color.uasset" 319
"../../../../../../../Volumes/DragonGame/Game/Content/Particles/System_Dissolve.uasset" 320
"../../../Engine/Content/Functions/Engine_MaterialFunctions01/Opacity/CameraDepthFade.uasset" 321
"../../../Engine/Content/EngineMaterials/T_Default_Material_Grid_M.uasset" 322
"../../../Engine/Content/EngineMaterials/T_Default_Material_Grid_N.uasset" 323
"../../../Engine/Content/EngineMaterials/DefaultMaterial.uasset" 324
"../../../Engine/Content/BasicShapes/Sphere.uasset" 325
"../../../../../../../Volumes/DragonGame/Game/Content/Data/Enums/GrappleState.uasset" 326
"../../../../../../../Volumes/DragonGame/Game/Content/Data/Structs/FlyingActorState.uasset" 327
"../../../../../../../Volumes/DragonGame/Game/Content/Data/Structs/GrappleParameters.uasset" 328
"../../../../../../../Volumes/DragonGame/Game/Content/Particles/FXVarietyPack/Textures/T_ky_noise6.uasset" 329
"../../../../../../../Volumes/DragonGame/Game/Content/Particles/FXVarietyPack/Textures/T_ky_smoke1.uasset" 330
"../../../../../../../Volumes/DragonGame/Game/Content/Particles/FXVarietyPack/Materials/M_ky_smoke01.uasset" 331
"../../../../../../../Volumes/DragonGame/Game/Content/Particles/FXVarietyPack/Materials/MI_ky_smoke01c.uasset" 332
"../../../../../../../Volumes/DragonGame/Game/Content/Particles/FXVarietyPack/Particles/P_ky_waterBall.uasset" 333
"../../../../../../../Volumes/DragonGame/Game/Content/Particles/FXVarietyPack/Materials/M_ky_empty.uasset" 334
"../../../../../../../Volumes/DragonGame/Game/Content/Particles/FXVarietyPack/Materials/M_ky_waterDust02.uasset" 335
"../../../../../../../Volumes/DragonGame/Game/Content/Particles/FXVarietyPack/Textures/T_ky_flare_a.uasset" 336
"../../../../../../../Volumes/DragonGame/Game/Content/Particles/FXVarietyPack/Materials/M_ky_flare_flash.uasset" 337
"../../../../../../../Volumes/DragonGame/Game/Content/Particles/FXVarietyPack/Materials/MI_ky_flare_flash_trs.uasset" 338
"../../../../../../../Volumes/DragonGame/Game/Content/Particles/FXVarietyPack/Materials/Mfunction/MF_ky_VectorToRadialValue.uasset" 339
"../../../../../../../Volumes/DragonGame/Game/Content/Particles/FXVarietyPack/Textures/T_ky_decoLines.uasset" 340
"../../../../../../../Volumes/DragonGame/Game/Content/Particles/FXVarietyPack/Textures/T_ky_decoLinesB.uasset" 341
"../../../../../../../Volumes/DragonGame/Game/Content/Particles/FXVarietyPack/Materials/M_ky_polar.uasset" 342
"../../../../../../../Volumes/DragonGame/Game/Content/Particles/FXVarietyPack/Materials/MI_ky_polar_two.uasset" 343
"../../../Engine/Content/EngineMaterials/WorldGridMaterial.uasset" 344
"../../../../../../../Volumes/DragonGame/Game/Content/Particles/FXVarietyPack/Meshes/SM_ky_quad_centerRot.uasset" 345
"../../../../../../../Volumes/DragonGame/Game/Content/Particles/FXVarietyPack/Particles/P_ky_waterBallHit.uasset" 346
"../../../../../../../Volumes/DragonGame/Game/Content/Particles/StylizedVFX_Fire/Textures/T_FireTexture_02.uasset" 347
"../../../../../../../Volumes/DragonGame/Game/Content/Particles/StylizedVFX_Fire/Materials/M_Flame_03.uasset" 348
"../../../Engine/Content/Functions/Engine_MaterialFunctions01/Gradient/RadialGradient.uasset" 349
"../../../../../../../Volumes/DragonGame/Game/Content/Particles/StylizedVFX_Fire/Materials/M_Radial_Gradient.uasset" 350
"../../../../../../../Volumes/DragonGame/Game/Content/Particles/StylizedVFX_Fire/Textures/T_FireTexture_01.uasset" 351
"../../../../../../../Volumes/DragonGame/Game/Content/Particles/StylizedVFX_Fire/Materials/M_Smoke_01.uasset" 352
"../../../../../../../Volumes/DragonGame/Game/Content/Particles/StylizedVFX_Fire/Materials/SphereMat.uasset" 353
"../../../../../../../Volumes/DragonGame/Game/Content/Particles/StylizedVFX_Fire/Effects/P_FireExplosion_Medium.uasset" 354
"../../../../../../../Volumes/DragonGame/Game/Content/Player/DragonAssets/Textures/PolyArt/T_WD_PA_Blue.uasset" 355
"../../../../../../../Volumes/DragonGame/Game/Content/Player/DragonAssets/Textures/PolyArt/T_WD_PA_Blue_SM.uasset" 356
"../../../../../../../Volumes/DragonGame/Game/Content/Player/DragonAssets/Materials/PolyArt/MI_WD_Blue.uasset" 357
"../../../../../../../Volumes/DragonGame/Game/Content/Player/DragonAssets/Meshes/Horns/Poly_Art/SM_Horn3_PA.uasset" 358
"../../../../../../../Volumes/DragonGame/Game/Content/Player/HumanAssets/NewAssets/Male/Male_tex1.uasset" 359
"../../../../../../../Volumes/DragonGame/Game/Content/Player/HumanAssets/NewAssets/Male/Male_tex.uasset" 360
"../../../../../../../Volumes/DragonGame/Game/Content/Player/HumanAssets/NewAssets/Female_Hair_01.uasset" 361
"../../../../../../../Volumes/DragonGame/Game/Content/Player/HumanAssets/NewAssets/Female_rig_PhysicsAsset.uasset" 362
"../../../../../../../Volumes/DragonGame/Game/Content/Player/HumanAssets/NewAssets/Female_rig.uasset" 363
"../../../../../../../Volumes/DragonGame/Game/Content/Player/HumanAssets/NewAssets/Weapon.uasset" 364
"../../../../../../../Volumes/DragonGame/Game/Content/Props/Materials/M_Prop.uasset" 365
"../../../../../../../Volumes/DragonGame/Game/Content/Props/Meshes/Barrel.uasset" 366
"../../../../../../../Volumes/DragonGame/Game/Content/Props/Materials/M_Prop_Binoculars.uasset" 367
"../../../../../../../Volumes/DragonGame/Game/Content/Props/Meshes/Binoculars.uasset" 368
"../../../../../../../Volumes/DragonGame/Game/Content/Props/Materials/M_Prop_Bow1.uasset" 369
"../../../../../../../Volumes/DragonGame/Game/Content/Props/Materials/M_Prop_Bow2.uasset" 370
"../../../../../../../Volumes/DragonGame/Game/Content/Props/Materials/M_Prop_Bow3.uasset" 371
"../../../../../../../Volumes/DragonGame/Game/Content/Props/Meshes/Bow.uasset" 372
"../../../../../../../Volumes/DragonGame/Game/Content/Props/Meshes/Box.uasset" 373
"../../../../../../../Volumes/DragonGame/Game/Content/Props/Materials/M_Prop_M4A1.uasset" 374
"../../../../../../../Volumes/DragonGame/Game/Content/Props/Meshes/M4A1_Skeleton.uasset" 375
"../../../../../../../Volumes/DragonGame/Game/Content/Props/Meshes/M4A1.uasset" 376
"../../../../../../../Volumes/DragonGame/Game/Content/Props/Materials/M_Prop_M9.uasset" 377
"../../../../../../../Volumes/DragonGame/Game/Content/Props/Meshes/M9_Skeleton.uasset" 378
"../../../../../../../Volumes/DragonGame/Game/Content/Props/Meshes/M9.uasset" 379
"../../../../../../../Volumes/DragonGame/Game/Content/Props/Materials/M_Prop_Torch1.uasset" 380
"../../../../../../../Volumes/DragonGame/Game/Content/Props/Materials/M_Prop_Torch2.uasset" 381
"../../../../../../../Volumes/DragonGame/Game/Content/Props/Materials/M_Prop_Torch3.uasset" 382
"../../../../../../../Volumes/DragonGame/Game/Content/Props/Meshes/Torch.uasset" 383
"../../../../../../../Volumes/DragonGame/Game/Content/Player/Player.uasset" 384
"../../../../../../../Volumes/DragonGame/Game/Content/Data/Curves/CameraBlendCurves/CameraLerp_1.uasset" 385
"../../../../../../../Volumes/DragonGame/Game/Content/Data/Curves/CameraBlendCurves/CameraLerp_2.uasset" 386
"../../../../../../../Volumes/DragonGame/Game/Content/Player/Blueprints/CameraSystem/Camera_Skeleton.uasset" 387
"../../../../../../../Volumes/DragonGame/Game/Content/Player/Blueprints/CameraSystem/ALS_PlayerCameraBehavior.uasset" 388
"../../../Engine/Content/BasicShapes/BasicShapeMaterial.uasset" 389
"../../../../../../../Volumes/DragonGame/Game/Content/Player/Blueprints/CameraSystem/Camera.uasset" 390
"../../../../../../../Volumes/DragonGame/Game/Content/Player/Blueprints/CameraSystem/ALS_PlayerCameraManager.uasset" 391
"../../../../../../../Volumes/DragonGame/Game/Content/Player/Blueprints/UI/Arrow.uasset" 392
"../../../../../../../Volumes/DragonGame/Game/Content/Player/Blueprints/UI/ALS_HUD.uasset" 393
"../../../../../../../Volumes/DragonGame/Game/Content/Player/Blueprints/UI/OverlayStateButton.uasset" 394
"../../../../../../../Volumes/DragonGame/Game/Content/Player/Blueprints/UI/OverlayStateButtonParams.uasset" 395
"../../../../../../../Volumes/DragonGame/Game/Content/Player/Blueprints/UI/OverlayStateSwitcher.uasset" 396
"../../../../../../../Volumes/DragonGame/Game/Content/Player/Blueprints/CharacterLogic/ALS_Player_Controller.uasset" 397
"../../../../../../../Volumes/DragonGame/Game/Content/GameModes/ALS_GameMode_SP.uasset" 398
"../../../../../../../Volumes/DragonGame/Game/Content/Audio/Footsteps/Concrete_Step_03.uasset" 399
"../../../../../../../Volumes/DragonGame/Game/Content/Audio/Footsteps/Concrete_Pivot_02.uasset" 400
"../../../../../../../Volumes/DragonGame/Game/Content/Audio/Footsteps/Concrete_Step_01.uasset" 401
"../../../../../../../Volumes/DragonGame/Game/Content/Audio/Footsteps/Concrete_Walk_04.uasset" 402
"../../../../../../../Volumes/DragonGame/Game/Content/Audio/Footsteps/Concrete_Walk_02.uasset" 403
"../../../../../../../Volumes/DragonGame/Game/Content/Audio/Footsteps/Concrete_Pivot_01.uasset" 404
"../../../../../../../Volumes/DragonGame/Game/Content/Audio/Footsteps/Concrete_Step_02.uasset" 405
"../../../../../../../Volumes/DragonGame/Game/Content/Audio/Footsteps/Concrete_Walk_01.uasset" 406
"../../../../../../../Volumes/DragonGame/Game/Content/Audio/Footsteps/Concrete_Walk_03.uasset" 407
"../../../Engine/Content/Maps/Templates/Thumbnails/Default.uasset" 408
"../../../Engine/Content/Maps/Templates/Thumbnails/TimeOfDay.uasset" 409
"../../../Engine/Content/Maps/Templates/Thumbnails/VR-Basic.uasset" 410
"../../../Engine/Content/MobileResources/T_MobileControls_texture.uasset" 411
"../../../Engine/Content/MobileResources/T_MobileMenu2.uasset" 412
"../../../Engine/Content/MobileResources/HUD/MobileHUDDirectionPad3.uasset" 413
"../../../Engine/Content/MobileResources/HUD/MobileHUDButton2_off.uasset" 414
"../../../Engine/Content/MobileResources/HUD/MobileHUDButton3.uasset" 415
"../../../Engine/Content/MobileResources/HUD/T_Castle_ThumbstickInner.uasset" 416
"../../../Engine/Content/MobileResources/HUD/MobileHUDDirectionStick.uasset" 417
"../../../Engine/Content/MobileResources/HUD/VirtualJoystick_Background.uasset" 418
"../../../Engine/Content/MobileResources/HUD/VirtualJoystick_Thumb.uasset" 419
"../../../Engine/Content/MobileResources/HUD/DefaultVirtualJoysticks.uasset" 420
"../../../Engine/Content/MobileResources/HUD/T_Castle_ThumbstickOutter.uasset" 421
"../../../Engine/Content/MobileResources/HUD/MobileHUDButton2_on.uasset" 422
"../../../Engine/Content/MobileResources/HUD/MobileHUDDirectionPad2.uasset" 423
"../../../Engine/Content/MobileResources/HUD/MobileHUDDirectionPad.uasset" 424
"../../../Engine/Content/MobileResources/HUD/AnalogHat.uasset" 425
"../../../Engine/Content/MobileResources/HUD/MobileHUDButton1_on.uasset" 426
"../../../Engine/Content/MobileResources/HUD/MobileHUDButtonFire.uasset" 427
"../../../Engine/Content/MobileResources/HUD/LeftVirtualJoystickOnly.uasset" 428
"../../../Engine/Content/MobileResources/HUD/MobileHUDButton1_off.uasset" 429
"../../../Engine/Content/Tutorial/ContentIntroCurve.uasset" 430
"../../../Engine/Content/Tutorial/Basics/LevelEditorAttract.uasset" 431
"../../../Engine/Content/Tutorial/SubEditors/GettingSubstance.uasset" 432
"../../../Engine/Content/EngineResources/DefaultTextureCube.uasset" 433
"../../../Engine/Content/EngineResources/DefaultTexture.uasset" 434
"../../../Engine/Content/EngineResources/Black.uasset" 435
"../../../Engine/Content/EngineResources/DefaultVolumeTexture2D.uasset" 436
"../../../Engine/Content/EngineResources/DefaultVolumeTexture.uasset" 437
"../../../Engine/Content/EngineResources/GradientTexture0.uasset" 438
"../../../Engine/Content/EditorLandscapeResources/DataLayer.uasset" 439
"../../../Engine/Content/EditorSounds/Notifications/CompileSuccess.uasset" 440
"../../../Engine/Content/EditorSounds/Notifications/CompileSuccess_Cue.uasset" 441
"../../../Engine/Content/EditorSounds/Notifications/CompileFailed.uasset" 442
"../../../Engine/Content/EditorSounds/Notifications/CompileFailed_Cue.uasset" 443
"../../../Engine/Content/EditorSounds/Notifications/CompileStart_Cue.uasset" 444
"../../../Engine/Content/EditorMaterials/Camera/CineMat.uasset" 445
"../../../Engine/Content/EditorMaterials/Camera/MI_CineMat_Rig.uasset" 446
"../../../Engine/Content/EditorMeshes/Camera/SM_CraneRig_Body.uasset" 447
"../../../Engine/Content/EditorMeshes/Camera/SM_RailRig_Mount.uasset" 448
"../../../Engine/Content/EditorMeshes/Camera/SM_CraneRig_Base.uasset" 449
"../../../Engine/Content/EditorMeshes/Camera/SM_CraneRig_Mount.uasset" 450
"../../../Engine/Content/EditorMeshes/Camera/SM_CraneRig_Arm.uasset" 451
"../../../Engine/Content/EditorMeshes/Camera/SM_RailRig_Track.uasset" 452
"../../../Engine/Content/EngineFonts/Faces/DroidSansFallback.uasset" 453
"../../../Engine/Content/EngineFonts/Faces/RobotoBold.uasset" 454
"../../../Engine/Content/EngineFonts/Faces/RobotoBoldItalic.uasset" 455
"../../../Engine/Content/EngineFonts/Faces/RobotoItalic.uasset" 456
"../../../Engine/Content/EngineFonts/Faces/RobotoLight.uasset" 457
"../../../Engine/Content/EngineFonts/Faces/RobotoRegular.uasset" 458
"../../../Engine/Content/EngineFonts/Roboto.uasset" 459
"../../../Engine/Content/EngineDamageTypes/DmgTypeBP_Environmental.uasset" 460
"../../../Engine/Content/ArtTools/RenderToTexture/Meshes/S_1_Unit_Plane.uasset" 461
"../../../Engine/Content/Animation/DefaultAnimCurveCompressionSettings.uasset" 462
"../../../Engine/Content/EngineResources/WhiteSquareTexture.uasset" 463
"../../../Engine/Content/EngineMaterials/Widget3DPassThrough.uasset" 464
"../../../Engine/Content/EngineMaterials/Widget3DPassThrough_Masked.uasset" 465
"../../../Engine/Content/EngineMaterials/WeightMapPlaceholderTexture.uasset" 466
"../../../Engine/Content/EngineMaterials/Widget3DPassThrough_Translucent.uasset" 467
"../../../Engine/Content/EngineMaterials/Widget3DPassThrough_Translucent_OneSided.uasset" 468
"../../../Engine/Content/Functions/Engine_MaterialFunctions02/WorldPositionOffset/CameraOffset.uasset" 469
"../../../Engine/Content/EngineMaterials/PhAT_JointLimitMaterial.uasset" 470
"../../../Engine/Content/EngineMaterials/GizmoMaterial.uasset" 471
"../../../Engine/Content/EngineMaterials/BlueNoise.uasset" 472
"../../../Engine/Content/EngineMaterials/DefaultWhiteGrid_Low.uasset" 473
"../../../Engine/Content/EngineMaterials/EmissiveMeshMaterial.uasset" 474
"../../../Engine/Content/EngineMaterials/Widget3DPassThrough_Opaque.uasset" 475
"../../../Engine/Content/EngineMaterials/Widget3DPassThrough_Masked_OneSided.uasset" 476
"../../../Engine/Content/EngineMaterials/Good64x64TilingNoiseHighFreq.uasset" 477
"../../../Engine/Content/EngineMaterials/DefaultBloomKernel.uasset" 478
"../../../Engine/Content/EngineMaterials/RemoveSurfaceMaterial.uasset" 479
"../../../Engine/Content/EngineMaterials/DefaultDiffuse.uasset" 480
"../../../Engine/Content/EngineMaterials/DefaultDeferredDecalMaterial.uasset" 481
"../../../Engine/Content/Functions/Engine_MaterialFunctions02/Utility/BreakOutFloat2Components.uasset" 482
"../../../Engine/Content/EngineMaterials/DefaultPostProcessMaterial.uasset" 483
"../../../Engine/Content/EngineMaterials/DefaultPhysicalMaterial.uasset" 484
"../../../Engine/Content/EngineMaterials/BaseFlattenDiffuseMap.uasset" 485
"../../../Engine/Content/EngineMaterials/BaseFlattenEmissiveMap.uasset" 486
"../../../Engine/Content/EngineMaterials/BaseFlattenGrayscaleMap.uasset" 487
"../../../Engine/Content/EngineMaterials/BaseFlattenNormalMap.uasset" 488
"../../../Engine/Content/EngineMaterials/BaseFlattenMaterial.uasset" 489
"../../../Engine/Content/EngineMaterials/InvalidLightmapSettings.uasset" 490
"../../../Engine/Content/EngineMaterials/M_InvalidLightmapSettings.uasset" 491
"../../../Engine/Content/EngineFonts/RobotoDistanceField.uasset" 492
"../../../Engine/Content/EngineMaterials/DefaultTextMaterialOpaque.uasset" 493
"../../../Engine/Content/EngineMaterials/PreintegratedSkinBRDF.uasset" 494
"../../../Engine/Content/EngineMaterials/Widget3DPassThrough_Opaque_OneSided.uasset" 495
"../../../Engine/Content/EngineMaterials/DefaultBokeh.uasset" 496
"../../../Engine/Content/EngineMaterials/DefaultLightFunctionMaterial.uasset" 497
"../../../Engine/Content/EngineMaterials/MiniFont.uasset" 498
"../../../Engine/Content/EngineMaterials/DefaultWhiteGrid.uasset" 499
"../../../Engine/Content/EngineDebugMaterials/DebugEditorMaterial.uasset" 500
"../../../Engine/Content/EngineDebugMaterials/WireframeMaterial.uasset" 501
"../../../Engine/Content/Functions/Engine_MaterialFunctions02/Utility/CameraDirectionVector.uasset" 502
"../../../Engine/Content/EngineDebugMaterials/VolumeToRender.uasset" 503
"../../../Engine/Content/EngineDebugMaterials/M_VolumeRenderSphereTracePP.uasset" 504
"../../../Engine/Content/EngineDebugMaterials/M_SimpleUnlitTranslucent.uasset" 505
"../../../Engine/Content/EngineDebugMaterials/DebugMeshMaterial.uasset" 506
"../../../Engine/Content/EditorResources/S_KBSJoint.uasset" 507
"../../../Engine/Content/EditorResources/S_Note.uasset" 508
"../../../Engine/Content/EditorResources/S_Solver.uasset" 509
"../../../Engine/Content/EditorResources/S_Trigger.uasset" 510
"../../../Engine/Content/EditorResources/S_Actor.uasset" 511
"../../../Engine/Content/EditorResources/EmptyActor.uasset" 512
"../../../Engine/Content/EditorResources/BSPVertex.uasset" 513
"../../../Engine/Content/EditorResources/SequenceRecorder/Countdown.uasset" 514
"../../../Engine/Content/EditorResources/SequenceRecorder/RecordingIndicator.uasset" 515
"../../../Engine/Content/EditorResources/AudioIcons/S_AudioComponent_AutoActivate.uasset" 516
"../../../Engine/Content/EditorResources/LightIcons/S_LightError.uasset" 517
"../../../Engine/Content/BasicShapes/Cone.uasset" 518
"../../../Engine/Content/BasicShapes/Cube.uasset" 519
"../../../Engine/Content/BasicShapes/Cylinder.uasset" 520
"../../../Engine/Content/BasicShapes/Plane.uasset" 521
"../../../Engine/Content/Functions/Engine_MaterialFunctions01/Shading/ConvertFromDiffSpec.uasset" 522
"../../../Engine/Content/Functions/Engine_MaterialFunctions01/Shading/PowerToRoughness.uasset" 523
"../../../Engine/Content/EditorMaterials/PreviewShadowIndicator.uasset" 524
"../../../Engine/Content/EditorMaterials/PreviewShadowIndicatorMaterial.uasset" 525
"../../../Engine/Content/EditorMaterials/MAT_Groups_Toggle.uasset" 526
"../../../Engine/Content/EditorMaterials/MAT_Groups_Visibility.uasset" 527
"../../../Engine/Content/EditorMaterials/ParticleSystems/PSysThumbnail_NoImage.uasset" 528
"../../../Engine/Content/EditorMaterials/ParticleSystems/PSysThumbnail_OOD.uasset" 529
"../../../Engine/Content/EditorMaterials/MatineeGroups/MAT_Groups_Vector.uasset" 530
"../../../Engine/Content/EditorMaterials/MatineeGroups/MAT_ColorTrack.uasset" 531
"../../../Engine/Content/EditorMaterials/MatineeGroups/MAT_Groups_AudioMaster.uasset" 532
"../../../Engine/Content/EditorMaterials/MatineeGroups/MAT_Groups_Sound.uasset" 533
"../../../Engine/Content/EditorMaterials/MatineeGroups/MAT_Groups_Float.uasset" 534
"../../../Engine/Content/EditorMaterials/MatineeGroups/MAT_Groups_Director.uasset" 535
"../../../Engine/Content/EditorMaterials/MatineeGroups/MAT_Groups_Move.uasset" 536
"../../../Engine/Content/EditorMaterials/MatineeGroups/MAT_Groups_Event.uasset" 537
"../../../Engine/Content/EditorMaterials/MatineeGroups/MAT_Groups_Fade.uasset" 538
"../../../Engine/Content/EditorMaterials/MatineeGroups/MAT_Groups_Anim.uasset" 539
"../../../Engine/Content/EditorMaterials/MatineeGroups/MAT_Groups_Slomo.uasset" 540
"../../../Engine/Content/EngineSounds/Master.uasset" 541
"../../../Engine/Content/EngineMeshes/Cylinder.uasset" 542
"../../../Engine/Content/EngineMeshes/Sphere.uasset" 543
"../../../Engine/Content/VREditor/LaserPointer/VR_LaserPower_01.uasset" 544
"../../../Engine/Content/VREditor/TransformGizmo/TransformGizmoMaterial.uasset" 545
"../../../Engine/Content/VREditor/TransformGizmo/TranslucentTransformGizmoMaterial.uasset" 546
"../../../Engine/Content/VREditor/TransformGizmo/PlaneTranslationHandle.uasset" 547
"../../../Engine/Content/VREditor/TransformGizmo/Main.uasset" 548
"../../../Engine/Content/VREditor/TransformGizmo/Xray.uasset" 549
"../../../Engine/Content/VREditor/TransformGizmo/SM_Sequencer_Key.uasset" 550
"../../../Engine/Content/VREditor/TransformGizmo/BoundingBoxCorner.uasset" 551
"../../../Engine/Content/VREditor/TransformGizmo/SM_Sequencer_Node.uasset" 552
"../../../Engine/Content/VREditor/TransformGizmo/BoundingBoxEdge.uasset" 553
"../../Plugins/FX/Niagara/Content/Enums/ENiagaraExpansionMode.uasset" 554
"../../Plugins/FX/Niagara/Content/Enums/ENiagaraBooleanLogicOps.uasset" 555
"../../Plugins/FX/Niagara/Content/Enums/ENiagaraOrientationAxis.uasset" 556
"../../Plugins/2D/Paper2D/Content/PlaceholderTextures/DummySpriteTexture.uasset" 557
"../../Plugins/2D/Paper2D/Content/DefaultSpriteMaterial.uasset" 558
"../../Plugins/2D/Paper2D/Content/OpaqueUnlitSpriteMaterial.uasset" 559
"../../Plugins/2D/Paper2D/Content/DummySprite.uasset" 560
"../../Plugins/2D/Paper2D/Content/DefaultPaperTerrainMaterial.uasset" 561
"../../Plugins/2D/Paper2D/Content/MaskedUnlitSpriteMaterial.uasset" 562
"../../../Engine/Content/EngineSky/C_Sky_Cloud_Color.uasset" 563
"../../../Engine/Content/EngineSky/C_Sky_Horizon_Color.uasset" 564
"../../../Engine/Content/EngineSky/C_Sky_Zenith_Color.uasset" 565
"../../../Engine/Content/EngineSky/T_Sky_Blue.uasset" 566
"../../../Engine/Content/EngineSky/T_Sky_Clouds_M.uasset" 567
"../../../Engine/Content/EngineSky/T_Sky_Stars.uasset" 568
"../../../Engine/Content/EngineSky/M_Sky_Panning_Clouds2.uasset" 569
"../../../Engine/Content/EngineSky/SM_SkySphere.uasset" 570
"../../../Engine/Content/EngineSky/BP_Sky_Sphere.uasset" 571
"../../../../../../../Volumes/DragonGame/Game/Content/Environment/SkyIslands/FullLevelMesh/greyMetal.uasset" 572
"../../../../../../../Volumes/DragonGame/Game/Content/Environment/SkyIslands/Objects/greyMetal.uasset" 573
"../../../../../../../Volumes/DragonGame/Game/Content/Environment/SkyIslands/Objects/yellow.uasset" 574
"../../../../../../../Volumes/DragonGame/Game/Content/Particles/StylizedVFX_Fire/EpicContent/Physical_Materials/Metal.uasset" 575
"../../../../../../../Volumes/DragonGame/Game/Content/Environment/SkyIslands/Objects/Object_Lamp_Light.uasset" 576
"../../../../../../../Volumes/DragonGame/Game/Content/Environment/SkyIslands/Objects/brownDark.uasset" 577
"../../../../../../../Volumes/DragonGame/Game/Content/Environment/SkyIslands/Objects/Grey.uasset" 578
"../../../../../../../Volumes/DragonGame/Game/Content/Environment/SkyIslands/Objects/Object_Lamp_Post.uasset" 579
"../../../../../../../Volumes/DragonGame/Game/Content/Environment/SkyIslands/LampPost.uasset" 580
"../../../../../../../Volumes/DragonGame/Game/Content/Environment/SkyIslands/Objects/Objects_Torch.uasset" 581
"../../../../../../../Volumes/DragonGame/Game/Content/Particles/StylizedVFX_Fire/Textures/T_Flame_01.uasset" 582
"../../../../../../../Volumes/DragonGame/Game/Content/Particles/StylizedVFX_Fire/Materials/M_Flame_01.uasset" 583
"../../../../../../../Volumes/DragonGame/Game/Content/Particles/StylizedVFX_Fire/Effects/P_Candle_Flame.uasset" 584
"../../../../../../../Volumes/DragonGame/Game/Content/Particles/StylizedVFX_Fire/Textures/T_Smoke_02.uasset" 585
"../../../../../../../Volumes/DragonGame/Game/Content/Particles/StylizedVFX_Fire/Materials/M_Smoke_03.uasset" 586
"../../../../../../../Volumes/DragonGame/Game/Content/Particles/StylizedVFX_Fire/Effects/P_Torch_Smoke.uasset" 587
"../../../../../../../Volumes/DragonGame/Game/Content/Environment/SkyIslands/Torch.uasset" 588
"../../../../../../../Volumes/DragonGame/Game/Content/Levels/SkyIslands_BuiltData.uasset" 589
"../../../../../../../Volumes/DragonGame/Game/Content/Audio/Background/Starter_Birds01.uasset" 590
"../../../../../../../Volumes/DragonGame/Game/Content/Audio/Background/Starter_Wind05.uasset" 591
"../../../../../../../Volumes/DragonGame/Game/Content/Audio/Background/Starter_Wind06.uasset" 592
"../../../../../../../Volumes/DragonGame/Game/Content/Audio/Background/Starter_Background_Cue.uasset" 593
"../../../../../../../Volumes/DragonGame/Game/Content/Environment/SkyIslands/CleanObjects/White.uasset" 594
"../../../../../../../Volumes/DragonGame/Game/Content/Environment/SkyIslands/CleanObjects/islandsLevelclean02_Cloud_01_001.uasset" 595
"../../../../../../../Volumes/DragonGame/Game/Content/Environment/SkyIslands/CleanObjects/Grey.uasset" 596
"../../../../../../../Volumes/DragonGame/Game/Content/Environment/SkyIslands/CleanObjects/islandsLevelclean02_Stairs_001.uasset" 597
"../../../../../../../Volumes/DragonGame/Game/Content/Environment/SkyIslands/CleanObjects/islandsLevelclean02_StairsRuins.uasset" 598
"../../../../../../../Volumes/DragonGame/Game/Content/Environment/SkyIslands/CleanObjects/yellow.uasset" 599
"../../../../../../../Volumes/DragonGame/Game/Content/Environment/SkyIslands/CleanObjects/islandsLevelclean02_wheatField.uasset" 600
"../../../../../../../Volumes/DragonGame/Game/Content/Environment/SkyIslands/CleanObjects/islandsLevelclean02_wheatField_003.uasset" 601
"../../../../../../../Volumes/DragonGame/Game/Content/Environment/SkyIslands/FullLevelMesh/black.uasset" 602
"../../../../../../../Volumes/DragonGame/Game/Content/Environment/SkyIslands/FullLevelMesh/Brown.uasset" 603
"../../../../../../../Volumes/DragonGame/Game/Content/Environment/SkyIslands/FullLevelMesh/brownDark.uasset" 604
"../../../../../../../Volumes/DragonGame/Game/Content/Environment/SkyIslands/FullLevelMesh/concrete.uasset" 605
"../../../../../../../Volumes/DragonGame/Game/Content/Environment/SkyIslands/FullLevelMesh/green_grass.uasset" 606
"../../../../../../../Volumes/DragonGame/Game/Content/Environment/SkyIslands/FullLevelMesh/Grey.uasset" 607
"../../../../../../../Volumes/DragonGame/Game/Content/Environment/SkyIslands/FullLevelMesh/greyDark.uasset" 608
"../../../../../../../Volumes/DragonGame/Game/Content/Environment/SkyIslands/FullLevelMesh/greyLigth.uasset" 609
"../../../../../../../Volumes/DragonGame/Game/Content/Environment/SkyIslands/FullLevelMesh/GreyStones.uasset" 610
"../../../../../../../Volumes/DragonGame/Game/Content/Environment/SkyIslands/FullLevelMesh/land.uasset" 611
"../../../../../../../Volumes/DragonGame/Game/Content/Environment/SkyIslands/FullLevelMesh/red.uasset" 612
"../../../../../../../Volumes/DragonGame/Game/Content/Environment/SkyIslands/FullLevelMesh/redDark.uasset" 613
"../../../../../../../Volumes/DragonGame/Game/Content/Environment/SkyIslands/FullLevelMesh/White.uasset" 614
"../../../../../../../Volumes/DragonGame/Game/Content/Environment/SkyIslands/FullLevelMesh/islandsLevelMesh.uasset" 615
"../../../../../../../Volumes/DragonGame/Game/Content/Environment/SkyIslands/Objects/White.uasset" 616
"../../../../../../../Volumes/DragonGame/Game/Content/Environment/SkyIslands/Objects/Islands_Cloud_01_001.uasset" 617
"../../../../../../../Volumes/DragonGame/Game/Content/Environment/SkyIslands/Objects/green_grass.uasset" 618
"../../../../../../../Volumes/DragonGame/Game/Content/Environment/SkyIslands/Objects/greenTreeLeave.uasset" 619
"../../../../../../../Volumes/DragonGame/Game/Content/Environment/SkyIslands/Objects/GreyStones.uasset" 620
"../../../../../../../Volumes/DragonGame/Game/Content/Environment/SkyIslands/Objects/land.uasset" 621
"../../../../../../../Volumes/DragonGame/Game/Content/Environment/SkyIslands/Objects/TreeBark.uasset" 622
"../../../../../../../Volumes/DragonGame/Game/Content/Environment/SkyIslands/Objects/Islands_islandPine.uasset" 623
"../../../../../../../Volumes/DragonGame/Game/Content/Environment/SkyIslands/Objects/Brown.uasset" 624
"../../../../../../../Volumes/DragonGame/Game/Content/Environment/SkyIslands/Objects/Nature_DeadTree.uasset" 625
"../../../../../../../Volumes/DragonGame/Game/Content/Environment/SkyIslands/Objects/Nature_DeadTree_001.uasset" 626
"../../../../../../../Volumes/DragonGame/Game/Content/Environment/SkyIslands/Objects/Nature_Grass.uasset" 627
"../../../../../../../Volumes/DragonGame/Game/Content/Environment/SkyIslands/Objects/Nature_Grass02_001.uasset" 628
"../../../../../../../Volumes/DragonGame/Game/Content/Environment/SkyIslands/Objects/Nature_Grass_001.uasset" 629
"../../../../../../../Volumes/DragonGame/Game/Content/Environment/SkyIslands/Objects/Nature_Log_001.uasset" 630
"../../../../../../../Volumes/DragonGame/Game/Content/Environment/SkyIslands/Objects/Nature_Pine_001.uasset" 631
"../../../../../../../Volumes/DragonGame/Game/Content/Environment/SkyIslands/Objects/greenDark.uasset" 632
"../../../../../../../Volumes/DragonGame/Game/Content/Environment/SkyIslands/Objects/Nature_Plant_01.uasset" 633
"../../../../../../../Volumes/DragonGame/Game/Content/Environment/SkyIslands/Objects/redTreeLeaves.uasset" 634
"../../../../../../../Volumes/DragonGame/Game/Content/Environment/SkyIslands/Objects/Nature_red_tree_001.uasset" 635
"../../../../../../../Volumes/DragonGame/Game/Content/Environment/SkyIslands/Objects/Nature_red_tree_002.uasset" 636
"../../../../../../../Volumes/DragonGame/Game/Content/Environment/SkyIslands/Objects/Nature_SpiralPlant_01.uasset" 637
"../../../../../../../Volumes/DragonGame/Game/Content/Environment/SkyIslands/Objects/Nature_Tree.uasset" 638
"../../../../../../../Volumes/DragonGame/Game/Content/Environment/SkyIslands/Objects/Nature_Tree_.uasset" 639
"../../../../../../../Volumes/DragonGame/Game/Content/Environment/SkyIslands/Objects/Nature_Tree_red_01.uasset" 640
"../../../../../../../Volumes/DragonGame/Game/Content/Environment/SkyIslands/Objects/Nature_Tree_red_01_001.uasset" 641
"../../../../../../../Volumes/DragonGame/Game/Content/Environment/SkyIslands/Objects/yellow_wheat.uasset" 642
"../../../../../../../Volumes/DragonGame/Game/Content/Environment/SkyIslands/Objects/Nature_wheatField_001.uasset" 643
"../../../../../../../Volumes/DragonGame/Game/Content/Player/HumanAssets/NewAssets/Male/Male_rig_PhysicsAsset.uasset" 644
"../../../../../../../Volumes/DragonGame/Game/Content/Player/HumanAssets/NewAssets/Male/Male_rig.uasset" 645
"../../../../../../../Volumes/DragonGame/Game/Content/Levels/SkyIslands.umap" 646
"../../../Engine/Content/Maps/Entry_BuiltData.uasset" 647
"../../../Engine/Content/Maps/Entry.umap" 648
